#
# There is insufficient memory for the Java Runtime Environment to continue.
# Native memory allocation (malloc) failed to allocate 150470656 bytes for committing reserved memory.
# Possible reasons:
#   The system is out of physical RAM or swap space
#   In 32 bit mode, the process size limit was hit
# Possible solutions:
#   Reduce memory load on the system
#   Increase physical memory or swap space
#   Check if swap backing store is full
#   Use 64 bit Java on a 64 bit OS
#   Decrease Java heap size (-Xmx/-Xms)
#   Decrease number of Java threads
#   Decrease Java thread stack sizes (-Xss)
#   Set larger code cache with -XX:ReservedCodeCacheSize=
# This output file may be truncated or incomplete.
#
#  Out of Memory Error (os_linux.cpp:2798), pid=18835, tid=1742531392
#
# JRE version: OpenJDK Runtime Environment (7.0_75-b13) (build 1.7.0_75-b13)
# Java VM: OpenJDK Server VM (24.75-b04 mixed mode linux-x86 )
# Derivative: IcedTea 2.5.4
# Distribution: Ubuntu 14.04 LTS, package 7u75-2.5.4-1~trusty1
# Failed to write core dump. Core dumps have been disabled. To enable core dumping, try "ulimit -c unlimited" before starting Java again
#

---------------  T H R E A D  ---------------

Current thread (0x67c80400):  VMThread [stack: 0x67d4e000,0x67dcf000] [id=18845]

Stack: [0x67d4e000,0x67dcf000]
VM_Operation (0xb65c29c8): ParallelGCFailedAllocation, mode: safepoint, requested by thread 0xb6407c00


---------------  P R O C E S S  ---------------

Java Threads: ( => current thread )
  0x67c9b800 JavaThread "Service Thread" daemon [_thread_blocked, id=18851, stack(0x6747c000,0x674cd000)]
  0x67c99c00 JavaThread "C2 CompilerThread1" daemon [_thread_blocked, id=18850, stack(0x674cd000,0x6754e000)]
  0x67c97c00 JavaThread "C2 CompilerThread0" daemon [_thread_blocked, id=18849, stack(0x6754e000,0x675cf000)]
  0x67c96000 JavaThread "Signal Dispatcher" daemon [_thread_blocked, id=18848, stack(0x67b0d000,0x67b5e000)]
  0x67c84800 JavaThread "Finalizer" daemon [_thread_blocked, id=18847, stack(0x67b5e000,0x67baf000)]
  0x67c83000 JavaThread "Reference Handler" daemon [_thread_blocked, id=18846, stack(0x67baf000,0x67c00000)]
  0xb6407c00 JavaThread "main" [_thread_blocked, id=18840, stack(0xb6573000,0xb65c4000)]

Other Threads:
=>0x67c80400 VMThread [stack: 0x67d4e000,0x67dcf000] [id=18845]
  0x67c9d800 WatcherThread [stack: 0x673fb000,0x6747c000] [id=18852]

VM state:at safepoint (normal execution)

VM Mutex/Monitor currently owned by a thread:  ([mutex/lock_event])
[0xb6405370] Threads_lock - owner thread: 0x67c80400
[0xb6405780] Heap_lock - owner thread: 0xb6407c00

Heap
 PSYoungGen      total 142080K, used 15354K [0x9dd80000, 0xa7980000, 0xb3300000)
  eden space 126720K, 0% used [0x9dd80000,0x9dd80000,0xa5940000)
  from space 15360K, 99% used [0xa5940000,0xa683e808,0xa6840000)
  to   space 13056K, 0% used [0xa6840000,0xa6840000,0xa7500000)
 ParOldGen       total 42496K, used 40148K [0x73300000, 0x75c80000, 0x9dd80000)
  object space 42496K, 94% used [0x73300000,0x75a352e0,0x75c80000)
 PSPermGen       total 16384K, used 3786K [0x6b300000, 0x6c300000, 0x73300000)
  object space 16384K, 23% used [0x6b300000,0x6b6b2a80,0x6c300000)

Card table byte_map: [0x6b0bf000,0x6b300000] byte_map_base: 0x6ad65800

Polling page: 0xb7778000

Code Cache  [0xb33e7000, 0xb3627000, 0xb63e7000)
 total_blobs=759 nmethods=639 adapters=73 free_code_cache=46990Kb largest_free_block=48004416

Compilation events (10 events):
Event: 10,459 Thread 0x67c99c00  652             com.android.dx.rop.code.AccessFlags::isStatic (13 bytes)
Event: 10,459 Thread 0x67c99c00 nmethod 652 0xb34aaf48 code [0xb34ab020, 0xb34ab050]
Event: 10,508 Thread 0x67c97c00  653             com.android.dx.ssa.SsaMethod::getParamWidth (5 bytes)
Event: 10,509 Thread 0x67c97c00 nmethod 653 0xb34e5c48 code [0xb34e5d20, 0xb34e5d70]
Event: 10,513 Thread 0x67c99c00  654             java.util.TreeMap::values (27 bytes)
Event: 10,514 Thread 0x67c97c00  655             java.util.zip.ZStreamRef::address (5 bytes)
Event: 10,515 Thread 0x67c97c00 nmethod 655 0xb350cd08 code [0xb350cde0, 0xb350ce30]
Event: 10,515 Thread 0x67c99c00 nmethod 654 0xb350cac8 code [0xb350cbc0, 0xb350cc70]
Event: 10,540 Thread 0x67c99c00  656             com.android.dx.cf.code.OneLocalsArray::makeInitialized (55 bytes)
Event: 10,550 Thread 0x67c99c00 nmethod 656 0xb350c608 code [0xb350c720, 0xb350c990]

GC Heap History (10 events):
Event: 3,641 GC heap after
Heap after GC invocations=2 (full 0):
 PSYoungGen      total 34816K, used 2544K [0x9dd80000, 0xa0200000, 0xb3300000)
  eden space 32256K, 0% used [0x9dd80000,0x9dd80000,0x9fd00000)
  from space 2560K, 99% used [0x9ff80000,0xa01fc060,0xa0200000)
  to   space 2560K, 0% used [0x9fd00000,0x9fd00000,0x9ff80000)
 ParOldGen       total 42496K, used 3238K [0x73300000, 0x75c80000, 0x9dd80000)
  object space 42496K, 7% used [0x73300000,0x73629bb8,0x75c80000)
 PSPermGen       total 16384K, used 3622K [0x6b300000, 0x6c300000, 0x73300000)
  object space 16384K, 22% used [0x6b300000,0x6b689868,0x6c300000)
}
Event: 5,416 GC heap before
{Heap before GC invocations=3 (full 0):
 PSYoungGen      total 34816K, used 34800K [0x9dd80000, 0xa0200000, 0xb3300000)
  eden space 32256K, 100% used [0x9dd80000,0x9fd00000,0x9fd00000)
  from space 2560K, 99% used [0x9ff80000,0xa01fc060,0xa0200000)
  to   space 2560K, 0% used [0x9fd00000,0x9fd00000,0x9ff80000)
 ParOldGen       total 42496K, used 3238K [0x73300000, 0x75c80000, 0x9dd80000)
  object space 42496K, 7% used [0x73300000,0x73629bb8,0x75c80000)
 PSPermGen       total 16384K, used 3653K [0x6b300000, 0x6c300000, 0x73300000)
  object space 16384K, 22% used [0x6b300000,0x6b691590,0x6c300000)
Event: 5,457 GC heap after
Heap after GC invocations=3 (full 0):
 PSYoungGen      total 34816K, used 2545K [0x9dd80000, 0xa2180000, 0xb3300000)
  eden space 32256K, 0% used [0x9dd80000,0x9dd80000,0x9fd00000)
  from space 2560K, 99% used [0x9fd00000,0x9ff7c6c8,0x9ff80000)
  to   space 2560K, 0% used [0xa1f00000,0xa1f00000,0xa2180000)
 ParOldGen       total 42496K, used 8218K [0x73300000, 0x75c80000, 0x9dd80000)
  object space 42496K, 19% used [0x73300000,0x73b06b30,0x75c80000)
 PSPermGen       total 16384K, used 3653K [0x6b300000, 0x6c300000, 0x73300000)
  object space 16384K, 22% used [0x6b300000,0x6b691590,0x6c300000)
}
Event: 6,391 GC heap before
{Heap before GC invocations=4 (full 0):
 PSYoungGen      total 34816K, used 34801K [0x9dd80000, 0xa2180000, 0xb3300000)
  eden space 32256K, 100% used [0x9dd80000,0x9fd00000,0x9fd00000)
  from space 2560K, 99% used [0x9fd00000,0x9ff7c6c8,0x9ff80000)
  to   space 2560K, 0% used [0xa1f00000,0xa1f00000,0xa2180000)
 ParOldGen       total 42496K, used 8218K [0x73300000, 0x75c80000, 0x9dd80000)
  object space 42496K, 19% used [0x73300000,0x73b06b30,0x75c80000)
 PSPermGen       total 16384K, used 3710K [0x6b300000, 0x6c300000, 0x73300000)
  object space 16384K, 22% used [0x6b300000,0x6b69f898,0x6c300000)
Event: 6,548 GC heap after
Heap after GC invocations=4 (full 0):
 PSYoungGen      total 67072K, used 2559K [0x9dd80000, 0xa2180000, 0xb3300000)
  eden space 64512K, 0% used [0x9dd80000,0x9dd80000,0xa1c80000)
  from space 2560K, 99% used [0xa1f00000,0xa217fca8,0xa2180000)
  to   space 2560K, 0% used [0xa1c80000,0xa1c80000,0xa1f00000)
 ParOldGen       total 42496K, used 13151K [0x73300000, 0x75c80000, 0x9dd80000)
  object space 42496K, 30% used [0x73300000,0x73fd7e48,0x75c80000)
 PSPermGen       total 16384K, used 3710K [0x6b300000, 0x6c300000, 0x73300000)
  object space 16384K, 22% used [0x6b300000,0x6b69f898,0x6c300000)
}
Event: 8,293 GC heap before
{Heap before GC invocations=5 (full 0):
 PSYoungGen      total 67072K, used 67071K [0x9dd80000, 0xa2180000, 0xb3300000)
  eden space 64512K, 100% used [0x9dd80000,0xa1c80000,0xa1c80000)
  from space 2560K, 99% used [0xa1f00000,0xa217fca8,0xa2180000)
  to   space 2560K, 0% used [0xa1c80000,0xa1c80000,0xa1f00000)
 ParOldGen       total 42496K, used 13151K [0x73300000, 0x75c80000, 0x9dd80000)
  object space 42496K, 30% used [0x73300000,0x73fd7e48,0x75c80000)
 PSPermGen       total 16384K, used 3742K [0x6b300000, 0x6c300000, 0x73300000)
  object space 16384K, 22% used [0x6b300000,0x6b6a7b18,0x6c300000)
Event: 8,352 GC heap after
Heap after GC invocations=5 (full 0):
 PSYoungGen      total 67072K, used 2547K [0x9dd80000, 0xa7500000, 0xb3300000)
  eden space 64512K, 0% used [0x9dd80000,0x9dd80000,0xa1c80000)
  from space 2560K, 99% used [0xa1c80000,0xa1efcd58,0xa1f00000)
  to   space 13056K, 0% used [0xa6840000,0xa6840000,0xa7500000)
 ParOldGen       total 42496K, used 22924K [0x73300000, 0x75c80000, 0x9dd80000)
  object space 42496K, 53% used [0x73300000,0x749633d8,0x75c80000)
 PSPermGen       total 16384K, used 3742K [0x6b300000, 0x6c300000, 0x73300000)
  object space 16384K, 22% used [0x6b300000,0x6b6a7b18,0x6c300000)
}
Event: 9,043 GC heap before
{Heap before GC invocations=6 (full 0):
 PSYoungGen      total 67072K, used 67059K [0x9dd80000, 0xa7500000, 0xb3300000)
  eden space 64512K, 100% used [0x9dd80000,0xa1c80000,0xa1c80000)
  from space 2560K, 99% used [0xa1c80000,0xa1efcd58,0xa1f00000)
  to   space 13056K, 0% used [0xa6840000,0xa6840000,0xa7500000)
 ParOldGen       total 42496K, used 22924K [0x73300000, 0x75c80000, 0x9dd80000)
  object space 42496K, 53% used [0x73300000,0x749633d8,0x75c80000)
 PSPermGen       total 16384K, used 3749K [0x6b300000, 0x6c300000, 0x73300000)
  object space 16384K, 22% used [0x6b300000,0x6b6a95b8,0x6c300000)
Event: 9,108 GC heap after
Heap after GC invocations=6 (full 0):
 PSYoungGen      total 139776K, used 12952K [0x9dd80000, 0xa7980000, 0xb3300000)
  eden space 126720K, 0% used [0x9dd80000,0x9dd80000,0xa5940000)
  from space 13056K, 99% used [0xa6840000,0xa74e6098,0xa7500000)
  to   space 15360K, 0% used [0xa5940000,0xa5940000,0xa6840000)
 ParOldGen       total 42496K, used 22924K [0x73300000, 0x75c80000, 0x9dd80000)
  object space 42496K, 53% used [0x73300000,0x749633d8,0x75c80000)
 PSPermGen       total 16384K, used 3749K [0x6b300000, 0x6c300000, 0x73300000)
  object space 16384K, 22% used [0x6b300000,0x6b6a95b8,0x6c300000)
}
Event: 10,595 GC heap before
{Heap before GC invocations=7 (full 0):
 PSYoungGen      total 139776K, used 139672K [0x9dd80000, 0xa7980000, 0xb3300000)
  eden space 126720K, 100% used [0x9dd80000,0xa5940000,0xa5940000)
  from space 13056K, 99% used [0xa6840000,0xa74e6098,0xa7500000)
  to   space 15360K, 0% used [0xa5940000,0xa5940000,0xa6840000)
 ParOldGen       total 42496K, used 22924K [0x73300000, 0x75c80000, 0x9dd80000)
  object space 42496K, 53% used [0x73300000,0x749633d8,0x75c80000)
 PSPermGen       total 16384K, used 3786K [0x6b300000, 0x6c300000, 0x73300000)
  object space 16384K, 23% used [0x6b300000,0x6b6b2a80,0x6c300000)

Deoptimization events (10 events):
Event: 8,834 Thread 0xb6407c00 Uncommon trap: reason=bimorphic action=maybe_recompile pc=0xb35dff78 method=com.android.dx.cf.code.RopperMachine.run(Lcom/android/dx/cf/code/Frame;II)V @ 310
Event: 9,110 Thread 0xb6407c00 Uncommon trap: reason=class_check action=maybe_recompile pc=0xb35acfac method=com.android.dx.rop.cst.CstLiteral64.equals(Ljava/lang/Object;)Z @ 20
Event: 9,111 Thread 0xb6407c00 Uncommon trap: reason=class_check action=maybe_recompile pc=0xb35acfac method=com.android.dx.rop.cst.CstLiteral64.equals(Ljava/lang/Object;)Z @ 20
Event: 9,112 Thread 0xb6407c00 Uncommon trap: reason=class_check action=maybe_recompile pc=0xb35acfac method=com.android.dx.rop.cst.CstLiteral64.equals(Ljava/lang/Object;)Z @ 20
Event: 9,112 Thread 0xb6407c00 Uncommon trap: reason=class_check action=maybe_recompile pc=0xb35acfac method=com.android.dx.rop.cst.CstLiteral64.equals(Ljava/lang/Object;)Z @ 20
Event: 9,280 Thread 0xb6407c00 Uncommon trap: reason=bimorphic action=maybe_recompile pc=0xb3592654 method=com.android.dx.ssa.LiteralOpUpgrader.tryReplacingWithConstant(Lcom/android/dx/ssa/NormalSsaInsn;)Z @ 62
Event: 9,294 Thread 0xb6407c00 Uncommon trap: reason=bimorphic action=maybe_recompile pc=0xb3592654 method=com.android.dx.ssa.LiteralOpUpgrader.tryReplacingWithConstant(Lcom/android/dx/ssa/NormalSsaInsn;)Z @ 62
Event: 9,574 Thread 0xb6407c00 Uncommon trap: reason=class_check action=maybe_recompile pc=0xb3508bbc method=com.android.dx.ssa.SCCP.replaceConstants()V @ 127
Event: 9,574 Thread 0xb6407c00 Uncommon trap: reason=bimorphic action=maybe_recompile pc=0xb3592654 method=com.android.dx.ssa.LiteralOpUpgrader.tryReplacingWithConstant(Lcom/android/dx/ssa/NormalSsaInsn;)Z @ 62
Event: 9,847 Thread 0xb6407c00 Uncommon trap: reason=bimorphic action=maybe_recompile pc=0xb3592654 method=com.android.dx.ssa.LiteralOpUpgrader.tryReplacingWithConstant(Lcom/android/dx/ssa/NormalSsaInsn;)Z @ 62

Internal exceptions (10 events):
Event: 6,355 Thread 0xb6407c00 Threw 0x9fb74f30 at /build/buildd/openjdk-7-7u75-2.5.4/build/openjdk/hotspot/src/share/vm/prims/jvm.cpp:1284
Event: 6,356 Thread 0xb6407c00 Threw 0x9fb7a598 at /build/buildd/openjdk-7-7u75-2.5.4/build/openjdk/hotspot/src/share/vm/prims/jvm.cpp:1284
Event: 6,356 Thread 0xb6407c00 Threw 0x9fb7cdc0 at /build/buildd/openjdk-7-7u75-2.5.4/build/openjdk/hotspot/src/share/vm/prims/jvm.cpp:1284
Event: 6,357 Thread 0xb6407c00 Threw 0x9fb81970 at /build/buildd/openjdk-7-7u75-2.5.4/build/openjdk/hotspot/src/share/vm/prims/jvm.cpp:1284
Event: 6,358 Thread 0xb6407c00 Threw 0x9fb866e0 at /build/buildd/openjdk-7-7u75-2.5.4/build/openjdk/hotspot/src/share/vm/prims/jvm.cpp:1284
Event: 6,360 Thread 0xb6407c00 Threw 0x9fb8c420 at /build/buildd/openjdk-7-7u75-2.5.4/build/openjdk/hotspot/src/share/vm/prims/jvm.cpp:1284
Event: 6,673 Thread 0xb6407c00 Threw 0x9e043410 at /build/buildd/openjdk-7-7u75-2.5.4/build/openjdk/hotspot/src/share/vm/prims/jvm.cpp:1284
Event: 6,931 Thread 0xb6407c00 Threw 0x9e6075b0 at /build/buildd/openjdk-7-7u75-2.5.4/build/openjdk/hotspot/src/share/vm/prims/jvm.cpp:1284
Event: 8,138 Thread 0xb6407c00 Threw 0xa1412ea0 at /build/buildd/openjdk-7-7u75-2.5.4/build/openjdk/hotspot/src/share/vm/prims/jvm.cpp:1284
Event: 10,282 Thread 0xb6407c00 Threw 0xa3a15608 at /build/buildd/openjdk-7-7u75-2.5.4/build/openjdk/hotspot/src/share/vm/prims/jvm.cpp:1284

Events (10 events):
Event: 9,631 Thread 0x67c97c00 flushing nmethod 0xb3545548
Event: 9,847 Thread 0xb6407c00 Uncommon trap: trap_request=0xffffffc6 fr.pc=0xb3592654
Event: 9,847 Thread 0xb6407c00 DEOPT PACKING pc=0xb3592654 sp=0xb65c2a20
Event: 9,847 Thread 0xb6407c00 DEOPT UNPACKING pc=0xb3413bc8 sp=0xb65c2994 mode 2
Event: 10,282 loading class 0x67208de0
Event: 10,282 loading class 0x67208de0 done
Event: 10,283 Thread 0x67c99c00 flushing nmethod 0xb34b0988
Event: 10,284 Thread 0x67c99c00 flushing nmethod 0xb34f9488
Event: 10,405 Thread 0x67c99c00 flushing nmethod 0xb3534b08
Event: 10,595 Executing VM operation: ParallelGCFailedAllocation


Dynamic libraries:
08048000-08049000 r-xp 00000000 08:01 181933     /usr/lib/jvm/java-7-openjdk-i386/jre/bin/java
08049000-0804a000 r--p 00000000 08:01 181933     /usr/lib/jvm/java-7-openjdk-i386/jre/bin/java
0804a000-0804b000 rw-p 00001000 08:01 181933     /usr/lib/jvm/java-7-openjdk-i386/jre/bin/java
08bf8000-08ce6000 rw-p 00000000 00:00 0          [heap]
65600000-656e5000 rw-p 00000000 00:00 0 
656e5000-65700000 ---p 00000000 00:00 0 
65800000-659f0000 rw-p 00000000 00:00 0 
659f0000-65a00000 ---p 00000000 00:00 0 
65a00000-65abe000 rw-p 00000000 00:00 0 
65abe000-65b00000 ---p 00000000 00:00 0 
65c00000-65cff000 rw-p 00000000 00:00 0 
65cff000-65d00000 ---p 00000000 00:00 0 
65d00000-65dfd000 rw-p 00000000 00:00 0 
65dfd000-65e00000 ---p 00000000 00:00 0 
65e00000-65ee9000 rw-p 00000000 00:00 0 
65ee9000-65f00000 ---p 00000000 00:00 0 
66000000-660fa000 rw-p 00000000 00:00 0 
660fa000-66100000 ---p 00000000 00:00 0 
66100000-661fb000 rw-p 00000000 00:00 0 
661fb000-66200000 ---p 00000000 00:00 0 
66200000-662f9000 rw-p 00000000 00:00 0 
662f9000-66300000 ---p 00000000 00:00 0 
66400000-664e5000 rw-p 00000000 00:00 0 
664e5000-66500000 ---p 00000000 00:00 0 
66500000-66600000 rw-p 00000000 00:00 0 
66600000-666f9000 rw-p 00000000 00:00 0 
666f9000-66700000 ---p 00000000 00:00 0 
66800000-66900000 rw-p 00000000 00:00 0 
66a00000-66aed000 rw-p 00000000 00:00 0 
66aed000-66b00000 ---p 00000000 00:00 0 
66b00000-66bfc000 rw-p 00000000 00:00 0 
66bfc000-66c00000 ---p 00000000 00:00 0 
66c00000-66cfd000 rw-p 00000000 00:00 0 
66cfd000-66d00000 ---p 00000000 00:00 0 
66e00000-66ef1000 rw-p 00000000 00:00 0 
66ef1000-66f00000 ---p 00000000 00:00 0 
66f73000-6707d000 r-xp 00000000 08:01 144663     /lib/i386-linux-gnu/libglib-2.0.so.0.4002.0
6707d000-6707e000 r--p 00109000 08:01 144663     /lib/i386-linux-gnu/libglib-2.0.so.0.4002.0
6707e000-6707f000 rw-p 0010a000 08:01 144663     /lib/i386-linux-gnu/libglib-2.0.so.0.4002.0
6707f000-671fc000 r-xp 00000000 08:01 468        /usr/lib/i386-linux-gnu/libgio-2.0.so.0.4002.0
671fc000-671fe000 r--p 0017d000 08:01 468        /usr/lib/i386-linux-gnu/libgio-2.0.so.0.4002.0
671fe000-671ff000 rw-p 0017f000 08:01 468        /usr/lib/i386-linux-gnu/libgio-2.0.so.0.4002.0
671ff000-67200000 rw-p 00000000 00:00 0 
67200000-672e8000 rw-p 00000000 00:00 0 
672e8000-67300000 ---p 00000000 00:00 0 
6736b000-673a7000 r-xp 00000000 08:01 134170     /lib/i386-linux-gnu/libpcre.so.3.13.1
673a7000-673a8000 r--p 0003b000 08:01 134170     /lib/i386-linux-gnu/libpcre.so.3.13.1
673a8000-673a9000 rw-p 0003c000 08:01 134170     /lib/i386-linux-gnu/libpcre.so.3.13.1
673a9000-673f9000 r-xp 00000000 08:01 399        /usr/lib/i386-linux-gnu/libgobject-2.0.so.0.4002.0
673f9000-673fa000 r--p 0004f000 08:01 399        /usr/lib/i386-linux-gnu/libgobject-2.0.so.0.4002.0
673fa000-673fb000 rw-p 00050000 08:01 399        /usr/lib/i386-linux-gnu/libgobject-2.0.so.0.4002.0
673fb000-673fc000 ---p 00000000 00:00 0 
673fc000-6747c000 rw-p 00000000 00:00 0          [stack:18852]
6747c000-6747f000 ---p 00000000 00:00 0 
6747f000-674cd000 rw-p 00000000 00:00 0          [stack:18851]
674cd000-674d0000 ---p 00000000 00:00 0 
674d0000-6754e000 rw-p 00000000 00:00 0          [stack:18850]
6754e000-67551000 ---p 00000000 00:00 0 
67551000-675cf000 rw-p 00000000 00:00 0          [stack:18849]
675cf000-67700000 r--p 0032d000 08:01 9203       /usr/lib/locale/locale-archive
67700000-67900000 r--p 00000000 08:01 9203       /usr/lib/locale/locale-archive
67900000-67921000 rw-p 00000000 00:00 0 
67921000-67a00000 ---p 00000000 00:00 0 
67a00000-67afe000 rw-p 00000000 00:00 0 
67afe000-67b00000 ---p 00000000 00:00 0 
67b0d000-67b10000 ---p 00000000 00:00 0 
67b10000-67b5e000 rw-p 00000000 00:00 0          [stack:18848]
67b5e000-67b61000 ---p 00000000 00:00 0 
67b61000-67baf000 rw-p 00000000 00:00 0          [stack:18847]
67baf000-67bb2000 ---p 00000000 00:00 0 
67bb2000-67c00000 rw-p 00000000 00:00 0          [stack:18846]
67c00000-67cff000 rw-p 00000000 00:00 0 
67cff000-67d00000 ---p 00000000 00:00 0 
67d0d000-67d2d000 r-xp 00000000 08:01 135507     /lib/i386-linux-gnu/libselinux.so.1
67d2d000-67d2e000 r--p 0001f000 08:01 135507     /lib/i386-linux-gnu/libselinux.so.1
67d2e000-67d2f000 rw-p 00020000 08:01 135507     /lib/i386-linux-gnu/libselinux.so.1
67d2f000-67d30000 rw-p 00000000 00:00 0 
67d4e000-67d4f000 ---p 00000000 00:00 0 
67d4f000-67dcf000 rw-p 00000000 00:00 0          [stack:18845]
67dcf000-67f80000 r--s 01d23000 08:01 210598     /usr/lib/jvm/java-7-openjdk-i386/jre/lib/rt.jar
67f80000-6a800000 rw-p 00000000 00:00 0 
6a800000-6a8fa000 rw-p 00000000 00:00 0 
6a8fa000-6a900000 ---p 00000000 00:00 0 
6a905000-6a918000 r-xp 00000000 08:01 145448     /lib/i386-linux-gnu/libresolv-2.19.so
6a918000-6a919000 ---p 00013000 08:01 145448     /lib/i386-linux-gnu/libresolv-2.19.so
6a919000-6a91a000 r--p 00013000 08:01 145448     /lib/i386-linux-gnu/libresolv-2.19.so
6a91a000-6a91b000 rw-p 00014000 08:01 145448     /lib/i386-linux-gnu/libresolv-2.19.so
6a91b000-6a91d000 rw-p 00000000 00:00 0 
6a91d000-6a934000 r-xp 00000000 08:01 210555     /usr/lib/jvm/java-7-openjdk-i386/jre/lib/i386/libnet.so
6a934000-6a935000 r--p 00017000 08:01 210555     /usr/lib/jvm/java-7-openjdk-i386/jre/lib/i386/libnet.so
6a935000-6a936000 rw-p 00018000 08:01 210555     /usr/lib/jvm/java-7-openjdk-i386/jre/lib/i386/libnet.so
6a936000-6a97f000 rw-p 00000000 00:00 0 
6a97f000-6a980000 ---p 00000000 00:00 0 
6a980000-6aa00000 rw-p 00000000 00:00 0          [stack:18844]
6aa00000-6aa21000 rw-p 00000000 00:00 0 
6aa21000-6ab00000 ---p 00000000 00:00 0 
6ab00000-6ab21000 rw-p 00000000 00:00 0 
6ab21000-6ac00000 ---p 00000000 00:00 0 
6ac11000-6ac22000 r-xp 00000000 08:01 210547     /usr/lib/jvm/java-7-openjdk-i386/jre/lib/i386/libnio.so
6ac22000-6ac23000 r--p 00010000 08:01 210547     /usr/lib/jvm/java-7-openjdk-i386/jre/lib/i386/libnio.so
6ac23000-6ac24000 rw-p 00011000 08:01 210547     /usr/lib/jvm/java-7-openjdk-i386/jre/lib/i386/libnio.so
6ac24000-6ac7f000 rw-p 00000000 00:00 0 
6ac7f000-6ac80000 ---p 00000000 00:00 0 
6ac80000-6ad00000 rw-p 00000000 00:00 0          [stack:18843]
6ad00000-6ad21000 rw-p 00000000 00:00 0 
6ad21000-6ae00000 ---p 00000000 00:00 0 
6ae00000-6ae19000 r--s 000e7000 08:02 7736902    /home/hm/workspace/AndroidstudioProjects/NMEALogger/nmea-logger-src/mobile/build/intermediates/classes-proguard/release/classes.jar
6ae19000-6ae27000 r--s 000b4000 08:02 4328602    /home/hm/share/android/sdk/build-tools/20.0.0/lib/dx.jar
6ae27000-6ae28000 ---p 00000000 00:00 0 
6ae28000-6aea8000 rw-p 00000000 00:00 0          [stack:18842]
6aea8000-6aea9000 ---p 00000000 00:00 0 
6aea9000-6af31000 rw-p 00000000 00:00 0          [stack:18841]
6af31000-6af69000 rw-p 00000000 00:00 0 
6af69000-6af7e000 rw-p 00000000 00:00 0 
6af7e000-6b0bf000 rw-p 00000000 00:00 0 
6b0bf000-6b0c7000 rw-p 00000000 00:00 0 
6b0c7000-6b0ff000 rw-p 00000000 00:00 0 
6b0ff000-6b114000 rw-p 00000000 00:00 0 
6b114000-6b254000 rw-p 00000000 00:00 0 
6b254000-6b2a3000 rw-p 00000000 00:00 0 
6b2a3000-6b2ff000 rw-p 00000000 00:00 0 
6b2ff000-6c300000 rw-p 00000000 00:00 0 
6c300000-73300000 rw-p 00000000 00:00 0 
73300000-75c80000 rw-p 00000000 00:00 0 
75c80000-9dd80000 rw-p 00000000 00:00 0 
9dd80000-a7980000 rw-p 00000000 00:00 0 
b08d3000-b08da000 r--s 00000000 08:01 93571      /usr/lib/i386-linux-gnu/gconv/gconv-modules.cache
b08da000-b0900000 r--p 00000000 08:01 799281     /usr/share/locale-langpack/es/LC_MESSAGES/libc.mo
b0900000-b3300000 rw-p 00000000 00:00 0 
b3300000-b3305000 r-xp 00000000 08:01 5637       /usr/lib/i386-linux-gnu/libffi.so.6.0.1
b3305000-b3306000 r--p 00005000 08:01 5637       /usr/lib/i386-linux-gnu/libffi.so.6.0.1
b3306000-b3307000 rw-p 00006000 08:01 5637       /usr/lib/i386-linux-gnu/libffi.so.6.0.1
b3307000-b330a000 r-xp 00000000 08:01 9187       /usr/lib/i386-linux-gnu/libgmodule-2.0.so.0.4002.0
b330a000-b330b000 r--p 00002000 08:01 9187       /usr/lib/i386-linux-gnu/libgmodule-2.0.so.0.4002.0
b330b000-b330c000 rw-p 00003000 08:01 9187       /usr/lib/i386-linux-gnu/libgmodule-2.0.so.0.4002.0
b330c000-b3330000 rw-p 00000000 00:00 0 
b3330000-b33e7000 rw-p 00000000 00:00 0 
b33e7000-b3627000 rwxp 00000000 00:00 0 
b3627000-b63e7000 rw-p 00000000 00:00 0 
b63e7000-b63f2000 r-xp 00000000 08:01 145462     /lib/i386-linux-gnu/libnss_files-2.19.so
b63f2000-b63f3000 r--p 0000a000 08:01 145462     /lib/i386-linux-gnu/libnss_files-2.19.so
b63f3000-b63f4000 rw-p 0000b000 08:01 145462     /lib/i386-linux-gnu/libnss_files-2.19.so
b63f4000-b63fe000 r-xp 00000000 08:01 145283     /lib/i386-linux-gnu/libnss_nis-2.19.so
b63fe000-b63ff000 r--p 00009000 08:01 145283     /lib/i386-linux-gnu/libnss_nis-2.19.so
b63ff000-b6400000 rw-p 0000a000 08:01 145283     /lib/i386-linux-gnu/libnss_nis-2.19.so
b6400000-b6500000 rw-p 00000000 00:00 0 
b6504000-b6506000 r--s 00006000 08:01 553034     /usr/share/java/java-atk-wrapper.jar
b6506000-b650a000 r--s 00034000 08:01 210577     /usr/lib/jvm/java-7-openjdk-i386/jre/lib/ext/sunjce_provider.jar
b650a000-b651f000 r-xp 00000000 08:01 145326     /lib/i386-linux-gnu/libnsl-2.19.so
b651f000-b6520000 r--p 00015000 08:01 145326     /lib/i386-linux-gnu/libnsl-2.19.so
b6520000-b6521000 rw-p 00016000 08:01 145326     /lib/i386-linux-gnu/libnsl-2.19.so
b6521000-b6523000 rw-p 00000000 00:00 0 
b6523000-b6526000 r--s 00086000 08:01 210574     /usr/lib/jvm/java-7-openjdk-i386/jre/lib/ext/localedata.jar
b6526000-b6528000 r--s 00012000 08:01 210576     /usr/lib/jvm/java-7-openjdk-i386/jre/lib/ext/zipfs.jar
b6528000-b652b000 r--s 0000f000 08:01 210575     /usr/lib/jvm/java-7-openjdk-i386/jre/lib/ext/icedtea-sound.jar
b652b000-b652f000 r--s 0003c000 08:01 210578     /usr/lib/jvm/java-7-openjdk-i386/jre/lib/ext/sunpkcs11.jar
b652f000-b6537000 r-xp 00000000 08:01 210550     /usr/lib/jvm/java-7-openjdk-i386/jre/lib/i386/libzip.so
b6537000-b6538000 r--p 00007000 08:01 210550     /usr/lib/jvm/java-7-openjdk-i386/jre/lib/i386/libzip.so
b6538000-b6539000 rw-p 00008000 08:01 210550     /usr/lib/jvm/java-7-openjdk-i386/jre/lib/i386/libzip.so
b6539000-b6541000 rw-s 00000000 08:01 352053     /tmp/hsperfdata_hm/18835
b6541000-b6568000 r-xp 00000000 08:01 210526     /usr/lib/jvm/java-7-openjdk-i386/jre/lib/i386/libjava.so
b6568000-b6569000 r--p 00026000 08:01 210526     /usr/lib/jvm/java-7-openjdk-i386/jre/lib/i386/libjava.so
b6569000-b656a000 rw-p 00027000 08:01 210526     /usr/lib/jvm/java-7-openjdk-i386/jre/lib/i386/libjava.so
b656a000-b6571000 r-xp 00000000 08:01 145465     /lib/i386-linux-gnu/librt-2.19.so
b6571000-b6572000 r--p 00006000 08:01 145465     /lib/i386-linux-gnu/librt-2.19.so
b6572000-b6573000 rw-p 00007000 08:01 145465     /lib/i386-linux-gnu/librt-2.19.so
b6573000-b6576000 ---p 00000000 00:00 0 
b6576000-b65c4000 rw-p 00000000 00:00 0          [stack:18840]
b65c4000-b65e0000 r-xp 00000000 08:01 137361     /lib/i386-linux-gnu/libgcc_s.so.1
b65e0000-b65e1000 rw-p 0001b000 08:01 137361     /lib/i386-linux-gnu/libgcc_s.so.1
b65e1000-b6625000 r-xp 00000000 08:01 145386     /lib/i386-linux-gnu/libm-2.19.so
b6625000-b6626000 r--p 00043000 08:01 145386     /lib/i386-linux-gnu/libm-2.19.so
b6626000-b6627000 rw-p 00044000 08:01 145386     /lib/i386-linux-gnu/libm-2.19.so
b6627000-b6703000 r-xp 00000000 08:01 6263       /usr/lib/i386-linux-gnu/libstdc++.so.6.0.19
b6703000-b6704000 ---p 000dc000 08:01 6263       /usr/lib/i386-linux-gnu/libstdc++.so.6.0.19
b6704000-b6708000 r--p 000dc000 08:01 6263       /usr/lib/i386-linux-gnu/libstdc++.so.6.0.19
b6708000-b6709000 rw-p 000e0000 08:01 6263       /usr/lib/i386-linux-gnu/libstdc++.so.6.0.19
b6709000-b6710000 rw-p 00000000 00:00 0 
b6710000-b70fe000 r-xp 00000000 08:01 210558     /usr/lib/jvm/java-7-openjdk-i386/jre/lib/i386/server/libjvm.so
b70fe000-b7150000 r--p 009ed000 08:01 210558     /usr/lib/jvm/java-7-openjdk-i386/jre/lib/i386/server/libjvm.so
b7150000-b7164000 rw-p 00a3f000 08:01 210558     /usr/lib/jvm/java-7-openjdk-i386/jre/lib/i386/server/libjvm.so
b7164000-b7582000 rw-p 00000000 00:00 0 
b7582000-b759a000 r-xp 00000000 08:01 134230     /lib/i386-linux-gnu/libz.so.1.2.8
b759a000-b759b000 r--p 00017000 08:01 134230     /lib/i386-linux-gnu/libz.so.1.2.8
b759b000-b759c000 rw-p 00018000 08:01 134230     /lib/i386-linux-gnu/libz.so.1.2.8
b759c000-b75b4000 r-xp 00000000 08:01 145443     /lib/i386-linux-gnu/libpthread-2.19.so
b75b4000-b75b5000 r--p 00018000 08:01 145443     /lib/i386-linux-gnu/libpthread-2.19.so
b75b5000-b75b6000 rw-p 00019000 08:01 145443     /lib/i386-linux-gnu/libpthread-2.19.so
b75b6000-b75b8000 rw-p 00000000 00:00 0 
b75b8000-b75bb000 r-xp 00000000 08:01 145271     /lib/i386-linux-gnu/libdl-2.19.so
b75bb000-b75bc000 r--p 00002000 08:01 145271     /lib/i386-linux-gnu/libdl-2.19.so
b75bc000-b75bd000 rw-p 00003000 08:01 145271     /lib/i386-linux-gnu/libdl-2.19.so
b75bd000-b7765000 r-xp 00000000 08:01 145209     /lib/i386-linux-gnu/libc-2.19.so
b7765000-b7767000 r--p 001a8000 08:01 145209     /lib/i386-linux-gnu/libc-2.19.so
b7767000-b7768000 rw-p 001aa000 08:01 145209     /lib/i386-linux-gnu/libc-2.19.so
b7768000-b776b000 rw-p 00000000 00:00 0 
b776c000-b776d000 r--s 00002000 08:01 210573     /usr/lib/jvm/java-7-openjdk-i386/jre/lib/ext/dnsns.jar
b776d000-b776e000 r--p 00462000 08:01 9203       /usr/lib/locale/locale-archive
b776e000-b7775000 r-xp 00000000 08:01 145389     /lib/i386-linux-gnu/libnss_compat-2.19.so
b7775000-b7776000 r--p 00006000 08:01 145389     /lib/i386-linux-gnu/libnss_compat-2.19.so
b7776000-b7777000 rw-p 00007000 08:01 145389     /lib/i386-linux-gnu/libnss_compat-2.19.so
b7777000-b7778000 rw-p 00000000 00:00 0 
b7778000-b7779000 ---p 00000000 00:00 0 
b7779000-b7787000 r-xp 00000000 08:01 210549     /usr/lib/jvm/java-7-openjdk-i386/jre/lib/i386/libverify.so
b7787000-b7788000 r--p 0000d000 08:01 210549     /usr/lib/jvm/java-7-openjdk-i386/jre/lib/i386/libverify.so
b7788000-b7789000 rw-p 0000e000 08:01 210549     /usr/lib/jvm/java-7-openjdk-i386/jre/lib/i386/libverify.so
b7789000-b7795000 r-xp 00000000 08:01 210528     /usr/lib/jvm/java-7-openjdk-i386/jre/lib/i386/jli/libjli.so
b7795000-b7796000 r--p 0000c000 08:01 210528     /usr/lib/jvm/java-7-openjdk-i386/jre/lib/i386/jli/libjli.so
b7796000-b7797000 rw-p 0000d000 08:01 210528     /usr/lib/jvm/java-7-openjdk-i386/jre/lib/i386/jli/libjli.so
b7797000-b779a000 rw-p 00000000 00:00 0 
b779a000-b779b000 r-xp 00000000 00:00 0          [vdso]
b779b000-b77bb000 r-xp 00000000 08:01 145281     /lib/i386-linux-gnu/ld-2.19.so
b77bb000-b77bc000 r--p 0001f000 08:01 145281     /lib/i386-linux-gnu/ld-2.19.so
b77bc000-b77bd000 rw-p 00020000 08:01 145281     /lib/i386-linux-gnu/ld-2.19.so
bf987000-bf988000 rwxp 00000000 00:00 0 
bf9b9000-bf9db000 rw-p 00000000 00:00 0          [stack]

VM Arguments:
jvm_args: -Xmx1024M -Dfile.encoding=UTF-8 -Duser.country=CR -Duser.language=es -Duser.variant 
java_command: com.android.dx.command.Main --dex --output /home/hm/workspace/AndroidstudioProjects/NMEALogger/nmea-logger-src/mobile/build/intermediates/dex/release /home/hm/workspace/AndroidstudioProjects/NMEALogger/nmea-logger-src/mobile/build/intermediates/classes-proguard/release/classes.jar
Launcher Type: SUN_STANDARD

Environment Variables:
CLASSPATH=/home/hm/share/android-studio/bin/../lib/bootstrap.jar:/home/hm/share/android-studio/bin/../lib/extensions.jar:/home/hm/share/android-studio/bin/../lib/util.jar:/home/hm/share/android-studio/bin/../lib/jdom.jar:/home/hm/share/android-studio/bin/../lib/log4j.jar:/home/hm/share/android-studio/bin/../lib/trove4j.jar:/home/hm/share/android-studio/bin/../lib/jna.jar:/usr/lib/jvm/java-7-oracle/lib/tools.jar
PATH=/home/hm/bin:/usr/local/sbin:/usr/local/bin:/usr/sbin:/usr/bin:/sbin:/bin:/usr/games:/usr/local/games
LD_LIBRARY_PATH=/home/hm/share/android-studio/bin:
SHELL=/bin/bash
DISPLAY=:0.0

Signal Handlers:
SIGSEGV: [libjvm.so+0x80c740], sa_mask[0]=0x7ffbfeff, sa_flags=0x10000004
SIGBUS: [libjvm.so+0x80c740], sa_mask[0]=0x7ffbfeff, sa_flags=0x10000004
SIGFPE: [libjvm.so+0x6847c0], sa_mask[0]=0x7ffbfeff, sa_flags=0x10000004
SIGPIPE: [libjvm.so+0x6847c0], sa_mask[0]=0x7ffbfeff, sa_flags=0x10000004
SIGXFSZ: [libjvm.so+0x6847c0], sa_mask[0]=0x7ffbfeff, sa_flags=0x10000004
SIGILL: [libjvm.so+0x6847c0], sa_mask[0]=0x7ffbfeff, sa_flags=0x10000004
SIGUSR1: SIG_DFL, sa_mask[0]=0x00000000, sa_flags=0x00000000
SIGUSR2: [libjvm.so+0x684650], sa_mask[0]=0x00000004, sa_flags=0x10000004
SIGHUP: [libjvm.so+0x684880], sa_mask[0]=0x7ffbfeff, sa_flags=0x10000004
SIGINT: [libjvm.so+0x684880], sa_mask[0]=0x7ffbfeff, sa_flags=0x10000004
SIGTERM: [libjvm.so+0x684880], sa_mask[0]=0x7ffbfeff, sa_flags=0x10000004
SIGQUIT: [libjvm.so+0x684880], sa_mask[0]=0x7ffbfeff, sa_flags=0x10000004
SIGTRAP: SIG_DFL, sa_mask[0]=0x00000000, sa_flags=0x00000000


---------------  S Y S T E M  ---------------

OS:Ubuntu 14.04 (trusty)
uname:Linux 3.13.0-46-generic #76-Ubuntu SMP Thu Feb 26 18:52:49 UTC 2015 i686
libc:glibc 2.19 NPTL 2.19 
rlimit: STACK 8192k, CORE 0k, NPROC 31679, NOFILE 4096, AS infinity
load average:5,26 3,52 3,26

/proc/meminfo:
MemTotal:        4074224 kB
MemFree:          185744 kB
Buffers:            3228 kB
Cached:           593016 kB
SwapCached:         8160 kB
Active:          2846552 kB
Inactive:         870060 kB
Active(anon):    2783576 kB
Inactive(anon):   815532 kB
Active(file):      62976 kB
Inactive(file):    54528 kB
Unevictable:         372 kB
Mlocked:             372 kB
HighTotal:       3227908 kB
HighFree:          20296 kB
LowTotal:         846316 kB
LowFree:          165448 kB
SwapTotal:        233468 kB
SwapFree:              0 kB
Dirty:               592 kB
Writeback:            16 kB
AnonPages:       3113196 kB
Mapped:           250424 kB
Shmem:            478404 kB
Slab:             112796 kB
SReclaimable:      82524 kB
SUnreclaim:        30272 kB
KernelStack:        6400 kB
PageTables:        24580 kB
NFS_Unstable:          0 kB
Bounce:                0 kB
WritebackTmp:          0 kB
CommitLimit:     2270580 kB
Committed_AS:    9125904 kB
VmallocTotal:     122880 kB
VmallocUsed:       16732 kB
VmallocChunk:      98716 kB
HardwareCorrupted:     0 kB
AnonHugePages:    724992 kB
HugePages_Total:       0
HugePages_Free:        0
HugePages_Rsvd:        0
HugePages_Surp:        0
Hugepagesize:       2048 kB
DirectMap4k:       12280 kB
DirectMap2M:      901120 kB


CPU:total 4 (2 cores per cpu, 2 threads per core) family 6 model 42 stepping 7, cmov, cx8, fxsr, mmx, sse, sse2, sse3, ssse3, sse4.1, sse4.2, popcnt, avx, ht, tsc, tscinvbit

/proc/cpuinfo:
processor	: 0
vendor_id	: GenuineIntel
cpu family	: 6
model		: 42
model name	: Intel(R) Core(TM) i3-2350M CPU @ 2.30GHz
stepping	: 7
microcode	: 0x23
cpu MHz		: 2300.000
cache size	: 3072 KB
physical id	: 0
siblings	: 4
core id		: 0
cpu cores	: 2
apicid		: 0
initial apicid	: 0
fdiv_bug	: no
f00f_bug	: no
coma_bug	: no
fpu		: yes
fpu_exception	: yes
cpuid level	: 13
wp		: yes
flags		: fpu vme de pse tsc msr pae mce cx8 apic sep mtrr pge mca cmov pat pse36 clflush dts acpi mmx fxsr sse sse2 ss ht tm pbe nx rdtscp lm constant_tsc arch_perfmon pebs bts xtopology nonstop_tsc aperfmperf eagerfpu pni pclmulqdq dtes64 monitor ds_cpl vmx est tm2 ssse3 cx16 xtpr pdcm pcid sse4_1 sse4_2 x2apic popcnt tsc_deadline_timer xsave avx lahf_lm arat epb xsaveopt pln pts dtherm tpr_shadow vnmi flexpriority ept vpid
bogomips	: 4589.40
clflush size	: 64
cache_alignment	: 64
address sizes	: 36 bits physical, 48 bits virtual
power management:

processor	: 1
vendor_id	: GenuineIntel
cpu family	: 6
model		: 42
model name	: Intel(R) Core(TM) i3-2350M CPU @ 2.30GHz
stepping	: 7
microcode	: 0x23
cpu MHz		: 2300.000
cache size	: 3072 KB
physical id	: 0
siblings	: 4
core id		: 0
cpu cores	: 2
apicid		: 1
initial apicid	: 1
fdiv_bug	: no
f00f_bug	: no
coma_bug	: no
fpu		: yes
fpu_exception	: yes
cpuid level	: 13
wp		: yes
flags		: fpu vme de pse tsc msr pae mce cx8 apic sep mtrr pge mca cmov pat pse36 clflush dts acpi mmx fxsr sse sse2 ss ht tm pbe nx rdtscp lm constant_tsc arch_perfmon pebs bts xtopology nonstop_tsc aperfmperf eagerfpu pni pclmulqdq dtes64 monitor ds_cpl vmx est tm2 ssse3 cx16 xtpr pdcm pcid sse4_1 sse4_2 x2apic popcnt tsc_deadline_timer xsave avx lahf_lm arat epb xsaveopt pln pts dtherm tpr_shadow vnmi flexpriority ept vpid
bogomips	: 4589.40
clflush size	: 64
cache_alignment	: 64
address sizes	: 36 bits physical, 48 bits virtual
power management:

processor	: 2
vendor_id	: GenuineIntel
cpu family	: 6
model		: 42
model name	: Intel(R) Core(TM) i3-2350M CPU @ 2.30GHz
stepping	: 7
microcode	: 0x23
cpu MHz		: 2300.000
cache size	: 3072 KB
physical id	: 0
siblings	: 4
core id		: 1
cpu cores	: 2
apicid		: 2
initial apicid	: 2
fdiv_bug	: no
f00f_bug	: no
coma_bug	: no
fpu		: yes
fpu_exception	: yes
cpuid level	: 13
wp		: yes
flags		: fpu vme de pse tsc msr pae mce cx8 apic sep mtrr pge mca cmov pat pse36 clflush dts acpi mmx fxsr sse sse2 ss ht tm pbe nx rdtscp lm constant_tsc arch_perfmon pebs bts xtopology nonstop_tsc aperfmperf eagerfpu pni pclmulqdq dtes64 monitor ds_cpl vmx est tm2 ssse3 cx16 xtpr pdcm pcid sse4_1 sse4_2 x2apic popcnt tsc_deadline_timer xsave avx lahf_lm arat epb xsaveopt pln pts dtherm tpr_shadow vnmi flexpriority ept vpid
bogomips	: 4589.40
clflush size	: 64
cache_alignment	: 64
address sizes	: 36 bits physical, 48 bits virtual
power management:

processor	: 3
vendor_id	: GenuineIntel
cpu family	: 6
model		: 42
model name	: Intel(R) Core(TM) i3-2350M CPU @ 2.30GHz
stepping	: 7
microcode	: 0x23
cpu MHz		: 2300.000
cache size	: 3072 KB
physical id	: 0
siblings	: 4
core id		: 1
cpu cores	: 2
apicid		: 3
initial apicid	: 3
fdiv_bug	: no
f00f_bug	: no
coma_bug	: no
fpu		: yes
fpu_exception	: yes
cpuid level	: 13
wp		: yes
flags		: fpu vme de pse tsc msr pae mce cx8 apic sep mtrr pge mca cmov pat pse36 clflush dts acpi mmx fxsr sse sse2 ss ht tm pbe nx rdtscp lm constant_tsc arch_perfmon pebs bts xtopology nonstop_tsc aperfmperf eagerfpu pni pclmulqdq dtes64 monitor ds_cpl vmx est tm2 ssse3 cx16 xtpr pdcm pcid sse4_1 sse4_2 x2apic popcnt tsc_deadline_timer xsave avx lahf_lm arat epb xsaveopt pln pts dtherm tpr_shadow vnmi flexpriority ept vpid
bogomips	: 4589.40
clflush size	: 64
cache_alignment	: 64
address sizes	: 36 bits physical, 48 bits virtual
power management:



Memory: 4k page, physical 4074224k(185744k free), swap 233468k(0k free)

vm_info: OpenJDK Server VM (24.75-b04) for linux-x86 JRE (1.7.0_75-b13), built on Jan 27 2015 00:41:34 by "buildd" with gcc 4.8.2

time: Sat Feb 28 11:23:31 2015
elapsed time: 10 seconds

